$ cd ~/builds
$ sudo service mongodb start
 * Starting database mongodb       [80G /etc/init.d/mongodb: 158: /etc/init.d/mongodb: [[: not found
/etc/init.d/mongodb: 158: /etc/init.d/mongodb: [[: not found
[74G[ OK ]
$ sleep 3
$ git clone --depth=100 --quiet git://github.com/mongodb/mongo-ruby-driver.git mongodb/mongo-ruby-driver
$ cd mongodb/mongo-ruby-driver
$ git checkout -qf 995266bbdb028c8f8a240742c37725e7e5d2736c
$ rvm use 1.8.7
[32mUsing /home/travis/.rvm/gems/ruby-1.8.7-p370(B[m
[32mRunning /home/travis/.rvm/hooks/after_use(B[m
$ ruby --version
ruby 1.8.7 (2012-06-29 patchlevel 370) [i686-linux]

$ gem --version
1.8.24
$ export BUNDLE_GEMFILE=/home/travis/builds/mongodb/mongo-ruby-driver/Gemfile
$ bundle install --without deploy
Fetching gem metadata from http://rubygems.org/.........
Installing rake (10.0.2) 
Installing i18n (0.6.1) 
Installing multi_json (1.3.7) 
Installing activesupport (3.2.9) 
Installing json (1.7.5) with native extensions 
Installing metaclass (0.0.1) 
Installing mocha (0.12.7) 
Installing rake-compiler (0.8.1) 
Installing sfl (2.2) 
Installing shoulda-context (1.0.1) 
Installing shoulda-matchers (1.4.1) 
Installing shoulda (3.3.2) 
Installing simplecov-html (0.7.1) 
Installing simplecov (0.7.1) 
Installing test-unit (2.5.2) 
Using bundler (1.1.5) 
[32mYour bundle is complete! Use `bundle show [gemname]` to see where a bundled gem is installed.[0m
$ bundle exec rake test:ruby
Loaded suite /home/travis/.rvm/gems/ruby-1.8.7-p370/gems/rake-10.0.2/lib/rake/rake_test_loader
Started
[42;37;1m.[0m[42;37;1m.[0m[42;37;1m.[0m[42;37;1m.[0m[42;37;1m.[0m[42;37;1m.[0m[42;37;1m.[0m[42;37;1m.[0m[42;37;1m.[0m[42;37;1m.[0m[42;37;1m.[0m[42;37;1m.[0m[42;37;1m.[0m[42;37;1m.[0m[42;37;1m.[0m[42;37;1m.[0m[42;37;1m.[0m[42;37;1m.[0m[42;37;1m.[0m[42;37;1m.[0m[42;37;1m.[0m[42;37;1m.[0m[42;37;1m.[0m[42;37;1m.[0m[42;37;1m.[0m[42;37;1m.[0m[42;37;1m.[0m[42;37;1m.[0m[42;37;1m.[0m[42;37;1m.[0m[42;37;1m.[0m[42;37;1m.[0m[42;37;1m.[0m[42;37;1m.[0m[42;37;1m.[0m[42;37;1m.[0m[42;37;1m.[0m[42;37;1m.[0m[42;37;1m.[0m[42;37;1m.[0m[42;37;1m.[0m[42;37;1m.[0m[42;37;1m.[0m[42;37;1m.[0m[42;37;1m.[0m[42;37;1m.[0m[42;37;1m.[0m[42;37;1m.[0m[42;37;1m.[0m[42;37;1m.[0m[42;37;1m.[0m[42;37;1m.[0m[42;37;1m.[0m[42;37;1m.[0m[42;37;1m.[0m[42;37;1m.[0m[42;37;1m.[0m[42;37;1m.[0m[42;37;1m.[0m[42;37;1m.[0m[42;37;1m.[0m[42;37;1m.[0m[42;37;1m.[0m[42;37;1m.[0m[42;37;1m.[0m[42;37;1m.[0m[42;37;1m.[0m[42;37;1m.[0m[42;37;1m.[0m[42;37;1m.[0m[42;37;1m.[0m[42;37;1m.[0m[42;37;1m.[0m[42;37;1m.[0m[42;37;1m.[0m[42;37;1m.[0m[42;37;1m.[0m[42;37;1m.[0m[42;37;1m.[0m
[42;37;1m.[0m[42;37;1m.[0m[42;37;1m.[0m[42;37;1m.[0m[42;37;1m.[0m[42;37;1m.[0m[42;37;1m.[0m[42;37;1m.[0m[42;37;1m.[0m[42;37;1m.[0m[42;37;1m.[0m[42;37;1m.[0m[42;37;1m.[0m[42;37;1m.[0m[42;37;1m.[0m[42;37;1m.[0m[42;37;1m.[0m[42;37;1m.[0m[42;37;1m.[0m[42;37;1m.[0m[42;37;1m.[0m[42;37;1m.[0m[42;37;1m.[0m[42;37;1m.[0m[42;37;1m.[0m[42;37;1m.[0m[42;37;1m.[0m[42;37;1m.[0m[42;37;1m.[0m[42;37;1m.[0m[42;37;1m.[0m[42;37;1m.[0m[42;37;1m.[0m[42;37;1m.[0m[42;37;1m.[0m[42;37;1m.[0m[42;37;1m.[0m[42;37;1m.[0m[42;37;1m.[0m[42;37;1m.[0m[42;37;1m.[0m[42;37;1m.[0m[42;37;1m.[0m[42;37;1m.[0m[42;37;1m.[0m[42;37;1m.[0m[42;37;1m.[0m[42;37;1m.[0m[42;37;1m.[0m[42;37;1m.[0m[42;37;1m.[0m[42;37;1m.[0m[42;37;1m.[0m[42;37;1m.[0m[42;37;1m.[0m[42;37;1m.[0m[42;37;1m.[0m[42;37;1m.[0m[42;37;1m.[0m[42;37;1m.[0m[42;37;1m.[0m[42;37;1m.[0m[42;37;1m.[0m[42;37;1m.[0m[42;37;1m.[0m[42;37;1m.[0m[42;37;1m.[0m[42;37;1m.[0m[42;37;1m.[0m[42;37;1m.[0m[42;37;1m.[0m[42;37;1m.[0m[42;37;1m.[0m[42;37;1m.[0m[42;37;1m.[0m[42;37;1m.[0m[42;37;1m.[0m[42;37;1m.[0m[42;37;1m.[0m
[42;37;1m.[0m[42;37;1m.[0m[42;37;1m.[0m[42;37;1m.[0m[42;37;1m.[0m[42;37;1m.[0m[42;37;1m.[0m[42;37;1m.[0m[42;37;1m.[0m[42;37;1m.[0m[42;37;1m.[0m[42;37;1m.[0m[42;37;1m.[0m[42;37;1m.[0m[42;37;1m.[0m[42;37;1m.[0m[42;37;1m.[0m[42;37;1m.[0m[42;37;1m.[0m[42;37;1m.[0m[42;37;1m.[0m[42;37;1m.[0m[42;37;1m.[0m[42;37;1m.[0m[42;37;1m.[0m[42;37;1m.[0m[42;37;1m.[0m[42;37;1m.[0m[42;37;1m.[0m[42;37;1m.[0m[42;37;1m.[0m[42;37;1m.[0m[42;37;1m.[0m[42;37;1m.[0m[42;37;1m.[0m[42;37;1m.[0m[42;37;1m.[0m[42;37;1m.[0m[42;37;1m.[0m[42;37;1m.[0m[42;37;1m.[0m[42;37;1m.[0m[42;37;1m.[0m[42;37;1m.[0m[42;37;1m.[0m[42;37;1m.[0m[42;37;1m.[0m[42;37;1m.[0m[42;37;1m.[0m[42;37;1m.[0m[42;37;1m.[0m[42;37;1m.[0m[42;37;1m.[0m[42;37;1m.[0m[42;37;1m.[0m[42;37;1m.[0m[42;37;1m.[0m[42;37;1m.[0m[42;37;1m.[0m[42;37;1m.[0m[42;37;1m.[0m[42;37;1m.[0m[42;37;1m.[0m[42;37;1m.[0m[42;37;1m.[0m[42;37;1m.[0m[42;37;1m.[0m[42;37;1m.[0m[42;37;1m.[0m[42;37;1m.[0m[42;37;1m.[0m[42;37;1m.[0m[42;37;1m.[0m[42;37;1m.[0m[42;37;1m.[0m[42;37;1m.[0m[42;37;1m.[0m[42;37;1m.[0m[42;37;1m.[0m
[42;37;1m.[0m[42;37;1m.[0m[42;37;1m.[0m[42;37;1m.[0m[42;37;1m.[0m[42;37;1m.[0m[42;37;1m.[0m[42;37;1m.[0m[42;37;1m.[0m[42;37;1m.[0m[42;37;1m.[0m[42;37;1m.[0m[42;37;1m.[0m[42;37;1m.[0m[42;37;1m.[0m[42;37;1m.[0m[42;37;1m.[0m[42;37;1m.[0m[42;37;1m.[0m[42;37;1m.[0m[42;37;1m.[0m[42;37;1m.[0m[42;37;1m.[0m[42;37;1m.[0m[42;37;1m.[0m[42;37;1m.[0m[42;37;1m.[0m[42;37;1m.[0m[42;37;1m.[0m[42;37;1m.[0m[42;37;1m.[0m[42;37;1m.[0m[42;37;1m.[0m[42;37;1m.[0m[42;37;1m.[0m[42;37;1m.[0m[42;37;1m.[0m[42;37;1m.[0m[42;37;1m.[0m[42;37;1m.[0m[42;37;1m.[0m[42;37;1m.[0m[42;37;1m.[0m[42;37;1m.[0m[42;37;1m.[0m[42;37;1m.[0m[42;37;1m.[0m[42;37;1m.[0m[42;37;1m.[0m[42;37;1m.[0m

Finished in 228.897899 seconds.

[42;37;1m287 tests, 3886 assertions, 0 failures, 0 errors, 0 pendings, 0 omissions, 0 notifications[0m
[42;37;1m100% passed[0m

1.25 tests/s, 16.98 assertions/s
/home/travis/builds/mongodb/mongo-ruby-driver/test/test_helper.rb:7: warning: already initialized constant TEST_DATA
Loaded suite /home/travis/.rvm/gems/ruby-1.8.7-p370/gems/rake-10.0.2/lib/rake/rake_test_loader
Started
[42;37;1m.[0m[42;37;1m.[0m[42;37;1m.[0m[42;37;1m.[0m[42;37;1m.[0m[42;37;1m.[0m[42;37;1m.[0m[42;37;1m.[0m[42;37;1m.[0m[42;37;1m.[0m[42;37;1m.[0m[42;37;1m.[0m[42;37;1m.[0m[42;37;1m.[0m[42;37;1m.[0m[42;37;1m.[0m[42;37;1m.[0m[42;37;1m.[0m[42;37;1m.[0m[42;37;1m.[0m[42;37;1m.[0m[42;37;1m.[0m[42;37;1m.[0m[42;37;1m.[0m[42;37;1m.[0m[42;37;1m.[0m[42;37;1m.[0m[42;37;1m.[0m[42;37;1m.[0m[42;37;1m.[0m[42;37;1m.[0m[42;37;1m.[0m[42;37;1m.[0m[42;37;1m.[0m[42;37;1m.[0m[42;37;1m.[0m[42;37;1m.[0m[42;37;1m.[0m[42;37;1m.[0m[42;37;1m.[0m[42;37;1m.[0m[42;37;1m.[0m[42;37;1m.[0m[42;37;1m.[0m[42;37;1m.[0m[42;37;1m.[0m[42;37;1m.[0m[42;37;1m.[0m[42;37;1m.[0m[42;37;1m.[0m[42;37;1m.[0m[42;37;1m.[0m[42;37;1m.[0m[42;37;1m.[0m[42;37;1m.[0m[42;37;1m.[0m[42;37;1m.[0m[42;37;1m.[0m[42;37;1m.[0m[42;37;1m.[0m[42;37;1m.[0m[42;37;1m.[0m[42;37;1m.[0m[42;37;1m.[0m[42;37;1m.[0m[42;37;1m.[0m[42;37;1m.[0m[42;37;1m.[0m[42;37;1m.[0m[42;37;1m.[0m[42;37;1m.[0m[42;37;1m.[0m[42;37;1m.[0m[42;37;1m.[0m[42;37;1m.[0m[42;37;1m.[0m[42;37;1m.[0m[42;37;1m.[0m[42;37;1m.[0m
[42;37;1m.[0m[42;37;1m.[0m[42;37;1m.[0m[42;37;1m.[0m[42;37;1m.[0m[42;37;1m.[0m[42;37;1m.[0m[42;37;1m.[0m[42;37;1m.[0m[42;37;1m.[0m[42;37;1m.[0m[42;37;1m.[0m[42;37;1m.[0m[42;37;1m.[0m[42;37;1m.[0m[42;37;1m.[0m[42;37;1m.[0m[42;37;1m.[0m[42;37;1m.[0m[42;37;1m.[0m[42;37;1m.[0m[42;37;1m.[0m[42;37;1m.[0m[42;37;1m.[0m[42;37;1m.[0m[42;37;1m.[0m[42;37;1m.[0m[42;37;1m.[0m[42;37;1m.[0m[42;37;1m.[0m[42;37;1m.[0m[42;37;1m.[0m[42;37;1m.[0m[42;37;1m.[0m[42;37;1m.[0m[42;37;1m.[0m[42;37;1m.[0m[42;37;1m.[0m[42;37;1m.[0m[42;37;1m.[0m[42;37;1m.[0m[42;37;1m.[0m[42;37;1m.[0m[42;37;1m.[0m[42;37;1m.[0m[42;37;1m.[0m[42;37;1m.[0m[42;37;1m.[0m[42;37;1m.[0m[42;37;1m.[0m[42;37;1m.[0m[42;37;1m.[0m[42;37;1m.[0m[42;37;1m.[0m[42;37;1m.[0m[42;37;1m.[0m[42;37;1m.[0m[42;37;1m.[0m[42;37;1m.[0m[42;37;1m.[0m[42;37;1m.[0m[42;37;1m.[0m[42;37;1m.[0m[42;37;1m.[0m[42;37;1m.[0m[42;37;1m.[0m[42;37;1m.[0m[42;37;1m.[0m[42;37;1m.[0m[42;37;1m.[0m

Finished in 0.415118 seconds.

[42;37;1m149 tests, 331 assertions, 0 failures, 0 errors, 0 pendings, 0 omissions, 0 notifications[0m
[42;37;1m100% passed[0m

358.93 tests/s, 797.36 assertions/s
Loaded suite /home/travis/.rvm/gems/ruby-1.8.7-p370/gems/rake-10.0.2/lib/rake/rake_test_loader
Started
[42;37;1m.[0m[42;37;1m.[0m[42;37;1m.[0m[42;37;1m.[0m[42;37;1m.[0m[42;37;1m.[0m[42;37;1m.[0m[42;37;1m.[0m[42;37;1m.[0m[42;37;1m.[0m[42;37;1m.[0m[42;37;1m.[0m[42;37;1m.[0m[42;37;1m.[0m[42;37;1m.[0m[42;37;1m.[0m[42;37;1m.[0m[42;37;1m.[0m[42;37;1m.[0m[42;37;1m.[0m[42;37;1m.[0m[42;37;1m.[0m[42;37;1m.[0m[42;37;1m.[0m[42;37;1m.[0m[42;37;1m.[0m[42;37;1m.[0m[42;37;1m.[0m[42;37;1m.[0m[42;37;1m.[0m[42;37;1m.[0m[42;37;1m.[0m[42;37;1m.[0m[42;37;1m.[0m[42;37;1m.[0m[42;37;1m.[0m[42;37;1m.[0m[42;37;1m.[0m[42;37;1m.[0m[42;37;1m.[0m[42;37;1m.[0m[42;37;1m.[0m[42;37;1m.[0m[42;37;1m.[0m[42;37;1m.[0m[42;37;1m.[0m[42;37;1m.[0m[42;37;1m.[0m[42;37;1m.[0m[42;37;1m.[0m[42;37;1m.[0m[42;37;1m.[0m[42;37;1m.[0m[42;37;1m.[0m[42;37;1m.[0m[42;37;1m.[0m[42;37;1m.[0m[42;37;1m.[0m[42;37;1m.[0m[42;37;1m.[0m[42;37;1m.[0m[42;37;1m.[0m[42;37;1m.[0m[42;37;1m.[0m[42;37;1m.[0m[42;37;1m.[0m[42;37;1m.[0m[42;37;1m.[0m[42;37;1m.[0m[42;37;1m.[0m[42;37;1m.[0m[42;37;1m.[0m[42;37;1m.[0m[42;37;1m.[0m[42;37;1m.[0m[42;37;1m.[0m[42;37;1m.[0m[42;37;1m.[0m[42;37;1m.[0m
[42;37;1m.[0m[42;37;1m.[0m[42;37;1m.[0m[42;37;1m.[0m[42;37;1m.[0m[42;37;1m.[0m[42;37;1m.[0m[42;37;1m.[0m[42;37;1m.[0m[42;37;1m.[0m[42;37;1m.[0m[42;37;1m.[0m[42;37;1m.[0m[42;37;1m.[0m[42;37;1m.[0m[42;37;1m.[0m[42;37;1m.[0m[42;37;1m.[0m[42;37;1m.[0m[42;37;1m.[0m[42;37;1m.[0m[42;37;1m.[0m[42;37;1m.[0m[42;37;1m.[0m[42;37;1m.[0m[42;37;1m.[0m[42;37;1m.[0m[42;37;1m.[0m[42;37;1m.[0m[42;37;1m.[0m[42;37;1m.[0m[42;37;1m.[0m[42;37;1m.[0m[42;37;1m.[0m[42;37;1m.[0m[42;37;1m.[0m[42;37;1m.[0m[42;37;1m.[0m[42;37;1m.[0m[42;37;1m.[0m[42;37;1m.[0m[42;37;1m.[0m[42;37;1m.[0m[42;37;1m.[0m[42;37;1m.[0m[42;37;1m.[0m[42;37;1m.[0m[42;37;1m.[0m[42;37;1m.[0m[42;37;1m.[0m[42;37;1m.[0m[42;37;1m.[0m[42;37;1m.[0m[42;37;1m.[0m[42;37;1m.[0m[42;37;1m.[0m

Finished in 0.361058 seconds.

[42;37;1m135 tests, 294 assertions, 0 failures, 0 errors, 0 pendings, 0 omissions, 0 notifications[0m
[42;37;1m100% passed[0m

373.90 tests/s, 814.27 assertions/s
Loaded suite /home/travis/.rvm/gems/ruby-1.8.7-p370/gems/rake-10.0.2/lib/rake/rake_test_loader
Started
[42;37;1m.[0m[42;37;1m.[0m[42;37;1m.[0m

Finished in 4.596655 seconds.

[42;37;1m3 tests, 50 assertions, 0 failures, 0 errors, 0 pendings, 0 omissions, 0 notifications[0m
[42;37;1m100% passed[0m

0.65 tests/s, 10.88 assertions/s
[CLEAN-UP] Dropping test databases...

Done. Build script exited with: 0
